SF:lib/src/positions/positions.dart
DA:19,4
DA:30,1
DA:32,3
DA:35,1
DA:39,1
DA:40,3
DA:41,3
DA:44,1
DA:45,5
DA:51,4
DA:55,4
DA:56,4
DA:61,1
DA:63,4
DA:66,1
DA:70,1
DA:71,3
DA:72,3
DA:73,3
DA:76,1
DA:78,8
DA:82,4
DA:95,5
DA:98,2
LF:24
LH:24
end_of_record
SF:lib/src/positions/restricted_positions.dart
DA:9,3
DA:37,9
DA:44,3
DA:46,3
DA:47,3
DA:51,3
DA:53,3
DA:62,3
DA:64,6
DA:65,6
DA:66,6
DA:67,6
DA:68,6
DA:69,3
DA:72,3
DA:74,18
DA:75,3
DA:78,3
DA:79,7
DA:82,3
DA:83,6
DA:88,24
DA:89,6
DA:91,6
DA:92,1
DA:96,3
DA:97,9
DA:100,3
DA:101,6
DA:102,12
DA:103,6
DA:104,3
DA:105,3
DA:106,3
DA:108,1
DA:110,1
DA:111,1
DA:117,3
DA:118,3
DA:120,3
DA:121,3
DA:122,3
DA:127,3
DA:129,10
DA:130,10
DA:131,2
DA:135,3
DA:137,10
DA:138,6
DA:139,6
DA:143,3
DA:144,3
DA:145,6
DA:146,6
DA:148,2
DA:153,6
DA:155,12
DA:158,6
DA:159,6
DA:160,15
DA:161,6
DA:162,3
DA:164,6
DA:167,9
DA:169,12
DA:171,3
DA:173,3
DA:174,6
DA:176,1
DA:181,3
DA:182,12
DA:185,6
DA:192,1
DA:199,1
DA:210,1
DA:213,3
DA:214,2
LF:77
LH:77
end_of_record
SF:lib/src/avatar_stack.dart
DA:24,1
DA:33,1
DA:61,1
DA:64,2
DA:66,1
DA:67,4
DA:68,1
DA:70,2
DA:72,1
DA:74,1
DA:76,1
DA:77,1
DA:78,3
DA:81,1
DA:83,1
DA:84,1
DA:85,1
DA:86,1
DA:89,1
DA:90,3
DA:94,1
DA:102,1
DA:107,1
DA:113,1
DA:115,1
DA:116,2
DA:117,1
DA:119,1
DA:120,3
DA:121,1
DA:122,1
DA:123,1
LF:32
LH:32
end_of_record
SF:lib/src/widget_stack.dart
DA:9,2
DA:14,2
DA:25,2
DA:27,8
DA:28,4
DA:29,4
DA:30,2
DA:31,2
DA:34,2
DA:35,8
DA:36,2
DA:37,2
DA:38,2
DA:39,2
DA:40,2
DA:41,2
DA:44,2
DA:49,2
DA:52,2
DA:53,6
DA:55,6
LF:21
LH:21
end_of_record
