SF:lib/src/positions/positions.dart
DA:19,2
DA:30,1
DA:32,3
DA:35,1
DA:39,1
DA:40,3
DA:41,3
DA:44,1
DA:45,5
DA:51,2
DA:55,2
DA:56,2
DA:61,1
DA:63,4
DA:66,1
DA:70,1
DA:71,3
DA:72,3
DA:73,3
DA:77,1
DA:79,8
DA:83,2
DA:96,3
DA:99,2
LF:24
LH:24
end_of_record
SF:lib/src/positions/restricted_positions.dart
DA:9,1
DA:37,3
DA:44,1
DA:46,1
DA:47,1
DA:51,1
DA:53,1
DA:62,1
DA:64,2
DA:65,2
DA:66,2
DA:67,2
DA:68,2
DA:69,1
DA:72,1
DA:74,6
DA:75,1
DA:78,1
DA:79,3
DA:82,1
DA:83,2
DA:88,8
DA:89,2
DA:91,2
DA:92,1
DA:96,1
DA:97,3
DA:100,1
DA:101,2
DA:102,4
DA:103,2
DA:104,1
DA:105,1
DA:106,1
DA:108,1
DA:110,1
DA:111,1
DA:117,1
DA:118,1
DA:120,1
DA:121,1
DA:122,1
DA:127,1
DA:129,4
DA:130,4
DA:131,2
DA:135,1
DA:137,4
DA:138,2
DA:139,2
DA:143,1
DA:144,1
DA:145,2
DA:146,2
DA:148,2
DA:153,2
DA:155,4
DA:158,2
DA:159,2
DA:160,5
DA:161,2
DA:162,1
DA:164,2
DA:167,3
DA:169,4
DA:171,1
DA:173,1
DA:174,2
DA:176,1
DA:181,1
DA:182,4
DA:185,2
DA:192,1
DA:199,1
DA:210,1
DA:213,3
DA:214,2
LF:77
LH:77
end_of_record
